<?xml version="1.0" encoding="UTF-8"?>
<testng-results ignored="0" total="3" passed="2" failed="1" skipped="0">
  <reporter-output>
  </reporter-output>
  <suite started-at="2021-04-06T12:42:35 BST" name="Suite" finished-at="2021-04-06T12:43:37 BST" duration-ms="61835">
    <groups>
    </groups>
    <test started-at="2021-04-06T12:42:35 BST" name="Validating Positive Login Test Scenario" finished-at="2021-04-06T12:42:45 BST" duration-ms="9921">
      <class name="Academy.PositiveLoginTest">
        <test-method is-config="true" signature="initialize()[pri:0, instance:Academy.PositiveLoginTest@6c6357f9]" started-at="2021-04-06T12:42:35 BST" name="initialize" finished-at="2021-04-06T12:42:38 BST" duration-ms="2270" status="PASS">
          <reporter-output>
          </reporter-output>
        </test-method> <!-- initialize -->
        <test-method signature="PositiveLogin(java.lang.String, java.lang.String)[pri:0, instance:Academy.PositiveLoginTest@6c6357f9]" started-at="2021-04-06T12:42:38 BST" name="PositiveLogin" data-provider="getData" finished-at="2021-04-06T12:42:45 BST" duration-ms="7551" status="PASS">
          <params>
            <param index="0">
              <value>
                <![CDATA[admin]]>
              </value>
            </param>
            <param index="1">
              <value>
                <![CDATA[58b21c0f55f5134cf5c2f0dd29268d6e56757b21]]>
              </value>
            </param>
          </params>
          <reporter-output>
          </reporter-output>
        </test-method> <!-- PositiveLogin -->
        <test-method is-config="true" signature="teardown()[pri:0, instance:Academy.PositiveLoginTest@6c6357f9]" started-at="2021-04-06T12:42:45 BST" name="teardown" finished-at="2021-04-06T12:42:45 BST" duration-ms="68" status="PASS">
          <reporter-output>
          </reporter-output>
        </test-method> <!-- teardown -->
      </class> <!-- Academy.PositiveLoginTest -->
    </test> <!-- Validating Positive Login Test Scenario -->
    <test started-at="2021-04-06T12:42:45 BST" name="Validating Negative Login Test Scenario" finished-at="2021-04-06T12:42:58 BST" duration-ms="12411">
      <class name="Academy.NegativeLoginTest">
        <test-method is-config="true" signature="initialize()[pri:0, instance:Academy.NegativeLoginTest@47874b25]" started-at="2021-04-06T12:42:45 BST" name="initialize" finished-at="2021-04-06T12:42:47 BST" duration-ms="1284" status="PASS">
          <reporter-output>
          </reporter-output>
        </test-method> <!-- initialize -->
        <test-method signature="NegativeLogin(java.lang.String, java.lang.String)[pri:0, instance:Academy.NegativeLoginTest@47874b25]" started-at="2021-04-06T12:42:47 BST" name="NegativeLogin" data-provider="getData" finished-at="2021-04-06T12:42:58 BST" duration-ms="11050" status="PASS">
          <params>
            <param index="0">
              <value>
                <![CDATA[admin]]>
              </value>
            </param>
            <param index="1">
              <value>
                <![CDATA[5f5134cf5c2f0dd29268d6e56757b21]]>
              </value>
            </param>
          </params>
          <reporter-output>
          </reporter-output>
        </test-method> <!-- NegativeLogin -->
        <test-method is-config="true" signature="teardown()[pri:0, instance:Academy.NegativeLoginTest@47874b25]" started-at="2021-04-06T12:42:58 BST" name="teardown" finished-at="2021-04-06T12:42:58 BST" duration-ms="73" status="PASS">
          <reporter-output>
          </reporter-output>
        </test-method> <!-- teardown -->
      </class> <!-- Academy.NegativeLoginTest -->
    </test> <!-- Validating Negative Login Test Scenario -->
    <test started-at="2021-04-06T12:42:58 BST" name="Validating Create New User Test Scenario" finished-at="2021-04-06T12:43:37 BST" duration-ms="39461">
      <class name="Academy.CreateNewUserTest">
        <test-method is-config="true" signature="initialize()[pri:0, instance:Academy.CreateNewUserTest@6fefce9e]" started-at="2021-04-06T12:42:58 BST" name="initialize" finished-at="2021-04-06T12:42:59 BST" duration-ms="1257" status="PASS">
          <reporter-output>
          </reporter-output>
        </test-method> <!-- initialize -->
        <test-method signature="PositiveLogin(java.lang.String, java.lang.String)[pri:0, instance:Academy.CreateNewUserTest@6fefce9e]" started-at="2021-04-06T12:42:59 BST" name="PositiveLogin" data-provider="getData" finished-at="2021-04-06T12:43:37 BST" duration-ms="37753" status="FAIL">
          <params>
            <param index="0">
              <value>
                <![CDATA[admin]]>
              </value>
            </param>
            <param index="1">
              <value>
                <![CDATA[58b21c0f55f5134cf5c2f0dd29268d6e56757b21]]>
              </value>
            </param>
          </params>
          <exception class="org.openqa.selenium.NoSuchElementException">
            <message>
              <![CDATA[no such element: Unable to locate element: {"method":"css selector","selector":"#qr"}
  (Session info: chrome=89.0.4389.90)
For documentation on this error, please visit: http://seleniumhq.org/exceptions/no_such_element.html
Build info: version: '3.4.0', revision: 'unknown', time: 'unknown'
System info: host: 'DESKTOP-MJBCSRA', ip: '192.168.200.110', os.name: 'Windows 10', os.arch: 'amd64', os.version: '10.0', java.version: '14.0.2'
Driver info: org.openqa.selenium.chrome.ChromeDriver
Capabilities [{networkConnectionEnabled=false, chrome={chromedriverVersion=89.0.4389.23 (61b08ee2c50024bab004e48d2b1b083cdbdac579-refs/branch-heads/4389@{#294}), userDataDir=C:\Users\MUHAMM~1\AppData\Local\Temp\scoped_dir38980_1685442520}, timeouts={implicit=0.0, pageLoad=300000.0, script=30000.0}, pageLoadStrategy=normal, unhandledPromptBehavior=dismiss and notify, strictFileInteractability=false, platform=ANY, proxy=Proxy(), goog:chromeOptions={debuggerAddress=localhost:51074}, acceptInsecureCerts=false, browserVersion=89.0.4389.90, browserName=chrome, javascriptEnabled=true, platformName=windows, setWindowRect=true, webauthn:extension:largeBlob=true, webauthn:virtualAuthenticators=true}]
Session ID: 16c516637486160fef91a850580da0d9
*** Element info: {Using=id, value=qr}]]>
            </message>
            <full-stacktrace>
              <![CDATA[org.openqa.selenium.NoSuchElementException: no such element: Unable to locate element: {"method":"css selector","selector":"#qr"}
  (Session info: chrome=89.0.4389.90)
For documentation on this error, please visit: http://seleniumhq.org/exceptions/no_such_element.html
Build info: version: '3.4.0', revision: 'unknown', time: 'unknown'
System info: host: 'DESKTOP-MJBCSRA', ip: '192.168.200.110', os.name: 'Windows 10', os.arch: 'amd64', os.version: '10.0', java.version: '14.0.2'
Driver info: org.openqa.selenium.chrome.ChromeDriver
Capabilities [{networkConnectionEnabled=false, chrome={chromedriverVersion=89.0.4389.23 (61b08ee2c50024bab004e48d2b1b083cdbdac579-refs/branch-heads/4389@{#294}), userDataDir=C:\Users\MUHAMM~1\AppData\Local\Temp\scoped_dir38980_1685442520}, timeouts={implicit=0.0, pageLoad=300000.0, script=30000.0}, pageLoadStrategy=normal, unhandledPromptBehavior=dismiss and notify, strictFileInteractability=false, platform=ANY, proxy=Proxy(), goog:chromeOptions={debuggerAddress=localhost:51074}, acceptInsecureCerts=false, browserVersion=89.0.4389.90, browserName=chrome, javascriptEnabled=true, platformName=windows, setWindowRect=true, webauthn:extension:largeBlob=true, webauthn:virtualAuthenticators=true}]
Session ID: 16c516637486160fef91a850580da0d9
*** Element info: {Using=id, value=qr}
at java.base/jdk.internal.reflect.NativeConstructorAccessorImpl.newInstance0(Native Method)
at java.base/jdk.internal.reflect.NativeConstructorAccessorImpl.newInstance(NativeConstructorAccessorImpl.java:62)
at java.base/jdk.internal.reflect.DelegatingConstructorAccessorImpl.newInstance(DelegatingConstructorAccessorImpl.java:45)
at java.base/java.lang.reflect.Constructor.newInstanceWithCaller(Constructor.java:500)
at java.base/java.lang.reflect.Constructor.newInstance(Constructor.java:481)
at org.openqa.selenium.remote.http.W3CHttpResponseCodec.createException(W3CHttpResponseCodec.java:150)
at org.openqa.selenium.remote.http.W3CHttpResponseCodec.decode(W3CHttpResponseCodec.java:115)
at org.openqa.selenium.remote.http.W3CHttpResponseCodec.decode(W3CHttpResponseCodec.java:45)
at org.openqa.selenium.remote.HttpCommandExecutor.execute(HttpCommandExecutor.java:164)
at org.openqa.selenium.remote.service.DriverCommandExecutor.execute(DriverCommandExecutor.java:82)
at org.openqa.selenium.remote.RemoteWebDriver.execute(RemoteWebDriver.java:637)
at org.openqa.selenium.remote.RemoteWebDriver.findElement(RemoteWebDriver.java:410)
at org.openqa.selenium.remote.RemoteWebDriver.findElementById(RemoteWebDriver.java:453)
at org.openqa.selenium.By$ById.findElement(By.java:218)
at org.openqa.selenium.remote.RemoteWebDriver.findElement(RemoteWebDriver.java:402)
at pageObjects.CreateUserPage.getcheckbox(CreateUserPage.java:50)
at Academy.CreateNewUserTest.PositiveLogin(CreateNewUserTest.java:73)
at java.base/jdk.internal.reflect.NativeMethodAccessorImpl.invoke0(Native Method)
at java.base/jdk.internal.reflect.NativeMethodAccessorImpl.invoke(NativeMethodAccessorImpl.java:62)
at java.base/jdk.internal.reflect.DelegatingMethodAccessorImpl.invoke(DelegatingMethodAccessorImpl.java:43)
at java.base/java.lang.reflect.Method.invoke(Method.java:564)
at org.testng.internal.MethodInvocationHelper.invokeMethod(MethodInvocationHelper.java:132)
at org.testng.internal.TestInvoker.invokeMethod(TestInvoker.java:599)
at org.testng.internal.TestInvoker.invokeTestMethod(TestInvoker.java:174)
at org.testng.internal.MethodRunner.runInSequence(MethodRunner.java:46)
at org.testng.internal.TestInvoker$MethodInvocationAgent.invoke(TestInvoker.java:822)
at org.testng.internal.TestInvoker.invokeTestMethods(TestInvoker.java:147)
at org.testng.internal.TestMethodWorker.invokeTestMethods(TestMethodWorker.java:146)
at org.testng.internal.TestMethodWorker.run(TestMethodWorker.java:128)
at java.base/java.util.ArrayList.forEach(ArrayList.java:1511)
at org.testng.TestRunner.privateRun(TestRunner.java:764)
at org.testng.TestRunner.run(TestRunner.java:585)
at org.testng.SuiteRunner.runTest(SuiteRunner.java:384)
at org.testng.SuiteRunner.runSequentially(SuiteRunner.java:378)
at org.testng.SuiteRunner.privateRun(SuiteRunner.java:337)
at org.testng.SuiteRunner.run(SuiteRunner.java:286)
at org.testng.SuiteRunnerWorker.runSuite(SuiteRunnerWorker.java:53)
at org.testng.SuiteRunnerWorker.run(SuiteRunnerWorker.java:96)
at org.testng.TestNG.runSuitesSequentially(TestNG.java:1218)
at org.testng.TestNG.runSuitesLocally(TestNG.java:1140)
at org.testng.TestNG.runSuites(TestNG.java:1069)
at org.testng.TestNG.run(TestNG.java:1037)
at org.testng.remote.AbstractRemoteTestNG.run(AbstractRemoteTestNG.java:115)
at org.testng.remote.RemoteTestNG.initAndRun(RemoteTestNG.java:251)
at org.testng.remote.RemoteTestNG.main(RemoteTestNG.java:77)
]]>
            </full-stacktrace>
          </exception> <!-- org.openqa.selenium.NoSuchElementException -->
          <reporter-output>
          </reporter-output>
        </test-method> <!-- PositiveLogin -->
        <test-method is-config="true" signature="teardown()[pri:0, instance:Academy.CreateNewUserTest@6fefce9e]" started-at="2021-04-06T12:43:37 BST" name="teardown" finished-at="2021-04-06T12:43:37 BST" duration-ms="0" status="PASS">
          <reporter-output>
          </reporter-output>
        </test-method> <!-- teardown -->
      </class> <!-- Academy.CreateNewUserTest -->
    </test> <!-- Validating Create New User Test Scenario -->
  </suite> <!-- Suite -->
</testng-results>
